.\Log\Log-2017-7-18@16-36-21.991.log
This Log File contains all the changes made by the user
Program has been run at:16:36:21.991

Inlet Metal Angle has been changed to 27.0677°

Outlet Metal Angle has been changed to 67.6692°

Stagger Angle has been changed to 24.3609°

Stagger Angle has been changed to 37.8947°

Stagger Angle has been changed to 56.8421°

Stagger Angle has been changed to 45.3383°

Outlet Metal Angle has been changed to 64.2857°

Outlet Metal Angle has been changed to 75.7895°

Outlet Metal Angle has been changed to 62.2556°

Inlet Metal Angle has been changed to 60.2256°

Inlet Metal Angle has been changed to 31.8045°

Inlet Metal Angle has been changed to 10.1504°

Outlet Metal Angle has been changed to 72.406°

Stagger Angle has been changed to 35.188°

Stagger Angle has been changed to 27.7444°

Thickness Profile has been changed to A3K7

Thickness Profile has been changed to Test

Thickness Profile has been changed to A3K7

Thickness Profile has been changed to T6

Maximum Thickness has been changed to 0.064045

Maximum Thickness has been changed to 0.070225

Maximum Thickness has been changed to 0.08764

Maximum Thickness has been changed to 0.1

