.\Log\Log-2017-7-18@19-47-38.622.log
This Log File contains all the changes made by the user
Program has been run at:19:47:38.622

Inlet Metal Angle has been changed to 25.0376°

Outlet Metal Angle has been changed to 66.9925°

Stagger Angle has been changed to 22.3308°

Thickness Profile has been changed to A3K7

Maximum Thickness has been changed to 0.13146

Maximum Thickness has been changed to 0.16517

Maximum Thickness has been changed to 0.034831

Thickness Profile has been changed to T6

Thickness Profile has been changed to A3K7

Thickness Profile has been changed to T6

Maximum Thickness has been changed to 0.048315

Maximum Thickness has been changed to 0.067416

Inlet Metal Angle has been changed to 41.9549°

Inlet Metal Angle has been changed to 63.609°

Inlet Metal Angle has been changed to 17.594°

Stagger Angle has been changed to 44.6617°

Stagger Angle has been changed to 15.5639°

Inlet Metal Angle has been changed to 23.6842°

Inlet Metal Angle has been changed to 30.4511°

Maximum Thickness has been changed to 0.07809

Maximum Thickness has been changed to 0.054494

Inlet Metal Angle has been changed to 43.985°

Outlet Metal Angle has been changed to 47.3684°

Stagger Angle has been changed to 52.1053°

Stagger Angle has been changed to 24.3609°

