./Log/Log_Compressor-2017-9-24@0-42-5.2022.log
This Log File contains all the changes made by the user
Program has been run at:0:42:5.2022

Maximum Thickness has been changed to 0.06002

Outlet Metal Angle has been changed to 16.2406°

Stagger Angle has been changed to 28.4211°

Outlet Metal Angle has been changed to 10.8271°

Stagger Angle has been changed to 33.8346°

Thickness Profile has been changed to NACA0015

Thickness Profile has been changed to NGTEmod

Maximum Thickness has been changed to 0.022803

Maximum Thickness has been changed to 0.029478

Maximum Thickness has been changed to 0.031146

Stagger Angle has been changed to 30.4511°

Stagger Angle has been changed to 35.8647°

Outlet Metal Angle has been changed to 14.2105°

Outlet Metal Angle has been changed to 16.9173°

Maximum Thickness has been changed to 0.03782

Maximum Thickness has been changed to 0.041713

Thickness Profile has been changed to NACA0015

Maximum Thickness has been changed to 0.051418

Maximum Thickness has been changed to 0.051418

Maximum Thickness has been changed to 0.051418

Maximum Thickness has been changed to 0.051418

Outlet Metal Angle has been changed to 9.4737°

Outlet Metal Angle has been changed to 23.0075°

Outlet Metal Angle has been changed to 28.4211°

Outlet Metal Angle has been changed to 33.1579°

Outlet Metal Angle has been changed to 14.2105°

Maximum Thickness has been changed to 0.051418

Maximum Thickness has been changed to 0.051418

Stagger Angle has been changed to 25.7143°

Stagger Angle has been changed to 39.2481°

Outlet Metal Angle has been changed to 20.3008°

Outlet Metal Angle has been changed to 31.1278°

Outlet Metal Angle has been changed to 33.1579°

Outlet Metal Angle has been changed to 8.1203°

Outlet Metal Angle has been changed to 19.6241°

Maximum Thickness has been changed to 0.051418

Outlet Metal Angle has been changed to 16.2406°

Outlet Metal Angle has been changed to 16.9173°

Outlet Metal Angle has been changed to 19.6241°

Thickness Profile has been changed to NGTEmod

Thickness Profile has been changed to T6

Thickness Profile has been changed to A3K7

Thickness Profile has been changed to T6

Thickness Profile has been changed to A3K7

Thickness Profile has been changed to NACA66-010

Maximum Thickness has been changed to 0.041573

Maximum Thickness has been changed to 0.05618

Maximum Thickness has been changed to 0.049438

