./Log/Log_Turbine-2017-9-18@2-3-0.32299.log
This Log File contains all the changes made by the user
Program has been run at:2:3:0.32299

Inlet Metal Angle has been changed to 48.0451°

Outlet Metal Angle has been changed to 24.3609°

Stagger Angle has been changed to 21.6541°

Stagger Angle has been changed to 46.015°

Stagger Angle has been changed to 42.6316°

Outlet Metal Angle has been changed to 67.6692°

Inlet Metal Angle has been changed to 44.6617°

Thickness Profile has been changed to A3K7

Maximum Thickness has been changed to 0.08764

Maximum Thickness has been changed to 0.10562

Maximum Thickness has been changed to 0.14494

Maximum Thickness has been changed to 0.16067

Maximum Thickness has been changed to 0.080899

Maximum Thickness has been changed to 0.067416

Inlet Metal Angle has been changed to 29.7744°

Inlet Metal Angle has been changed to 23.6842°

Inlet Metal Angle has been changed to 33.1579°

Outlet Metal Angle has been changed to 59.5489°

Outlet Metal Angle has been changed to 62.9323°

Outlet Metal Angle has been changed to 75.7895°

Thickness Profile has been changed to T6

Maximum Thickness has been changed to 0.067416

Maximum Thickness has been changed to 0.07809

Maximum Thickness has been changed to 0.067416

Thickness Profile has been changed to A3K7

Maximum Thickness has been changed to 0.074157

Maximum Thickness has been changed to 0.057303

Maximum Thickness has been changed to 0.11348

Maximum Thickness has been changed to 0.13933

Maximum Thickness has been changed to 0.12247

Maximum Thickness has been changed to 0.11011

Maximum Thickness has been changed to 0.076404

Maximum Thickness has been changed to 0.041573

Stagger Angle has been changed to 34.5113°

Maximum Thickness has been changed to 0.11573

Maximum Thickness has been changed to 0.11124

Maximum Thickness has been changed to 0.10787

Outlet Metal Angle has been changed to 62.2556°

Outlet Metal Angle has been changed to 62.9323°

Maximum Thickness has been changed to 0.098876

Maximum Thickness has been changed to 0.097753

Maximum Thickness has been changed to 0.060674

Maximum Thickness has been changed to 0.055056

Thickness Profile has been changed to T6

Maximum Thickness has been changed to 0.066854

Maximum Thickness has been changed to 0.079213

Maximum Thickness has been changed to 0.07191

Stagger Angle has been changed to 0°

