./Log/Log_Turbine-2017-9-12@14-17-6.7322.log
This Log File contains all the changes made by the user
Program has been run at:14:17:6.7322

Inlet Metal Angle has been changed to 28.4211°

Outlet Metal Angle has been changed to 67.6692°

Stagger Angle has been changed to 23.0075°

Maximum Thickness has been changed to 0.066292

Inlet Metal Angle has been changed to 43.3083°

Inlet Metal Angle has been changed to 31.8045°

Inlet Metal Angle has been changed to 20.3008°

Thickness Profile has been changed to A3K7

Inlet Metal Angle has been changed to 29.7744°

Outlet Metal Angle has been changed to 33.8346°

Stagger Angle has been changed to 43.3083°

Inlet Metal Angle has been changed to 43.985°

Inlet Metal Angle has been changed to 27.7444°

Outlet Metal Angle has been changed to 56.8421°

Stagger Angle has been changed to 20.3008°

Outlet Metal Angle has been changed to 66.3158°

Outlet Metal Angle has been changed to 53.4586°

