./Log/Log_Turbine-2017-9-11@21-30-42.7095.log
This Log File contains all the changes made by the user
Program has been run at:21:30:42.7095

Inlet Metal Angle has been changed to 16.9173°

Outlet Metal Angle has been changed to 42.6316°

Stagger Angle has been changed to 19.6241°

Inlet Metal Angle has been changed to 10.1504°

Inlet Metal Angle has been changed to 19.6241°

Inlet Metal Angle has been changed to 22.3308°

Inlet Metal Angle has been changed to 25.7143°

Inlet Metal Angle has been changed to 31.8045°

Maximum Thickness has been changed to 0.052247

Maximum Thickness has been changed to 0.050562

Outlet Metal Angle has been changed to 62.2556°

Stagger Angle has been changed to 28.4211°

Stagger Angle has been changed to 33.1579°

Thickness Profile has been changed to A3K7

Maximum Thickness has been changed to 0.089888

Maximum Thickness has been changed to 0.074157

Maximum Thickness has been changed to 0.079775

Outlet Metal Angle has been changed to 60.2256°

Inlet Metal Angle has been changed to 37.218°

Inlet Metal Angle has been changed to 21.6541°

Thickness Profile has been changed to T6

Maximum Thickness has been changed to 0.049438

Maximum Thickness has been changed to 0.058989

Maximum Thickness has been changed to 0.068539

