./Log/Log_Turbine-2017-9-18@14-53-29.7496.log
This Log File contains all the changes made by the user
Program has been run at:14:53:29.7496

Inlet Metal Angle has been changed to 60.9023°

Outlet Metal Angle has been changed to 29.0977°

Stagger Angle has been changed to 46.6917°

Stagger Angle has been changed to 24.3609°

Outlet Metal Angle has been changed to 64.9624°

Outlet Metal Angle has been changed to 61.5789°

Thickness Profile has been changed to NACA0015

Maximum Thickness has been changed to 0.085135

Maximum Thickness has been changed to 0.088507

Maximum Thickness has been changed to 0.097779

Maximum Thickness has been changed to 0.084292

Inlet Metal Angle has been changed to 51.4286°

Outlet Metal Angle has been changed to 34.5113°

Outlet Metal Angle has been changed to 42.6316°

Outlet Metal Angle has been changed to 52.1053°

Inlet Metal Angle has been changed to 59.5489°

Inlet Metal Angle has been changed to 54.812°

Inlet Metal Angle has been changed to 66.3158°

Inlet Metal Angle has been changed to 42.6316°

Inlet Metal Angle has been changed to 37.8947°

Maximum Thickness has been changed to 0.065748

Maximum Thickness has been changed to 0.068277

Stagger Angle has been changed to 33.1579°

Stagger Angle has been changed to 23.0075°

Outlet Metal Angle has been changed to 61.5789°

Inlet Metal Angle has been changed to 42.6316°

Inlet Metal Angle has been changed to 41.9549°

