.\Log\Log_Turbine-2017-7-26@2-26-59.228.log
This Log File contains all the changes made by the user
Program has been run at:2:26:59.228

Inlet Metal Angle has been changed to 63.609°

Inlet Metal Angle has been changed to 59.5489°

Outlet Metal Angle has been changed to 21.6541°

Stagger Angle has been changed to 9.4737°

Stagger Angle has been changed to 19.6241°

Stagger Angle has been changed to 38.5714°

Outlet Metal Angle has been changed to 75.7895°

Outlet Metal Angle has been changed to 58.8722°

Inlet Metal Angle has been changed to 35.188°

Stagger Angle has been changed to 33.1579°

Stagger Angle has been changed to 0°

Stagger Angle has been changed to 7.4436°

Stagger Angle has been changed to 14.8872°

Stagger Angle has been changed to 20.9774°

Stagger Angle has been changed to 29.0977°

Stagger Angle has been changed to 0°

Maximum Thickness has been changed to 0.05

Maximum Thickness has been changed to 0.05

Inlet Metal Angle has been changed to 64.2857°

Inlet Metal Angle has been changed to 33.1579°

Maximum Thickness has been changed to 0.05

Maximum Thickness has been changed to 0.05

Maximum Thickness has been changed to 0.05

Thickness Profile has been changed to A3K7

Thickness Profile has been changed to T6

Thickness Profile has been changed to A3K7

