./Log/Log_Turbine-2017-9-25@7-23-7.2394.log
This Log File contains all the changes made by the user
Program has been run at:7:23:7.2394

Inlet Metal Angle has been changed to 20.3008°

Thickness Profile has been changed to T6

Thickness Profile has been changed to NGTEmod

Outlet Metal Angle has been changed to 58.8722°

Stagger Angle has been changed to 18.9474°

Maximum Thickness has been changed to 0.044494

Maximum Thickness has been changed to 0.051169

Maximum Thickness has been changed to 0.055618

Maximum Thickness has been changed to 0.054506

Stagger Angle has been changed to 15.5639°

Inlet Metal Angle has been changed to 15.5639°

Inlet Metal Angle has been changed to 17.594°

Outlet Metal Angle has been changed to 62.2556°

Outlet Metal Angle has been changed to 50.0752°

Outlet Metal Angle has been changed to 46.6917°

Outlet Metal Angle has been changed to 51.4286°

Stagger Angle has been changed to 18.9474°

Stagger Angle has been changed to 31.1278°

Inlet Metal Angle has been changed to 25.0376°

Inlet Metal Angle has been changed to 38.5714°

Inlet Metal Angle has been changed to 13.5338°

Inlet Metal Angle has been changed to 16.9173°

Outlet Metal Angle has been changed to 44.6617°

Outlet Metal Angle has been changed to 52.1053°

Outlet Metal Angle has been changed to 68.3459°

Stagger Angle has been changed to 17.594°

Stagger Angle has been changed to 14.8872°

Thickness Profile has been changed to NACA0015

Maximum Thickness has been changed to 0.06069

Stagger Angle has been changed to 16.9173°

Stagger Angle has been changed to 15.5639°

Stagger Angle has been changed to 17.594°

Stagger Angle has been changed to 20.3008°

Stagger Angle has been changed to 19.6241°

Stagger Angle has been changed to 20.3008°

Stagger Angle has been changed to 22.3308°

Stagger Angle has been changed to 25.0376°

Stagger Angle has been changed to 27.0677°

Stagger Angle has been changed to 29.0977°

Stagger Angle has been changed to 31.8045°

Stagger Angle has been changed to 33.1579°

Stagger Angle has been changed to 35.8647°

Stagger Angle has been changed to 37.8947°

