./Log/Log_Manual Turbine-2017-9-18@15-23-22.9646.log
This Log File contains all the changes made by the user
Program has been run at:15:23:22.9646

Semimajor axis length has been changed to 30.916°

Semimajor axis length has been changed to 0.13735

Semiminor axis length has been changed to 0.043373

Semimajor axis length has been changed to 39.8473°

Suction Surface LE θ angle has been changed to 46.7176°

Pressure Surface LE θ angle has been changed to 45.3435°

TE circunference radius has been changed to 0.014504

Outlet Metal angle has been changed to 53.5878°

Suction Surface TE θ angle has been changed to 83.8168°

Pressure Surface TE θ angle has been changed to 83.8168°

Stagger angle has been changed to 25.4032°

Pitch to chord radio has been changed to 1.1008

Pitch to chord radio has been changed to 1.0403

Throat to chord radio has been changed to 0.49194

Thickness to chord radio has been changed to 0.31452

Throat θ angle has been changed to 50.8065°

Thickness θ angle has been changed to 13.7903°

Throat θ angle has been changed to 57.3387°

Throat θ angle has been changed to 55.1613°

Throat θ angle has been changed to 50.0806°

Throat θ angle has been changed to 42.0968°

Throat θ angle has been changed to 31.9355°

Throat θ angle has been changed to 41.371°

Throat θ angle has been changed to 48.629°

Suction Surface TE θ angle has been changed to 90.687°

Suction Surface TE θ angle has been changed to 85.1908°

Suction Surface TE θ angle has been changed to 78.3206°

Suction Surface TE θ angle has been changed to 76.9466°

Throat to chord radio has been changed to 0.59677

Thickness to chord radio has been changed to 0.20161

TE circunference radius has been changed to 0.0083969

Throat θ angle has been changed to 42.0968°

Throat θ angle has been changed to 50.0806°

Throat θ angle has been changed to 52.2581°

TE circunference radius has been changed to 0.0061069

TE circunference radius has been changed to 0.0022901

TE circunference radius has been changed to 0

TE circunference radius has been changed to 0.0022901

TE circunference radius has been changed to 0.020611

TE circunference radius has been changed to 0.019847

TE circunference radius has been changed to 0.012977

Thickness θ angle has been changed to 22.5°

Thickness θ angle has been changed to 27.5806°

Thickness θ angle has been changed to 39.1935°

Thickness θ angle has been changed to 50.8065°

Thickness to chord radio has been changed to 0.43548

Thickness to chord radio has been changed to 0.25

Thickness to chord radio has been changed to 0.048387

Thickness to chord radio has been changed to 0.08871

Thickness to chord radio has been changed to 0.14516

Thickness to chord radio has been changed to 0.25

Thickness to chord radio has been changed to 0.21774

Thickness to chord radio has been changed to 0.1371

Thickness θ angle has been changed to 37.0161°

Thickness θ angle has been changed to 18.871°

Thickness θ angle has been changed to 5.8065°

Thickness to chord radio has been changed to 0.080645

Thickness to chord radio has been changed to 0.25806

Thickness to chord radio has been changed to 0.25

Thickness to chord radio has been changed to 0.21774

Thickness to chord radio has been changed to 0.25806

Thickness to chord radio has been changed to 0.25

TE circunference radius has been changed to 0.0053435

Throat θ angle has been changed to 58.0645°

Throat θ angle has been changed to 57.3387°

Throat θ angle has been changed to 52.2581°

Throat θ angle has been changed to 51.5323°

Suction Surface TE θ angle has been changed to 90.687°

Suction Surface TE θ angle has been changed to 78.3206°

Suction Surface TE θ angle has been changed to 74.1985°

Suction Surface TE θ angle has been changed to 78.3206°

Suction Surface TE θ angle has been changed to 26.1069°

Suction Surface TE θ angle has been changed to 15.1145°

Suction Surface TE θ angle has been changed to 0°

Pressure Surface TE θ angle has been changed to 0°

Suction Surface TE θ angle has been changed to 5.4962°

Pressure Surface TE θ angle has been changed to 5.4962°

Pressure Surface TE θ angle has been changed to 1.374°

Pressure Surface TE θ angle has been changed to 6.8702°

Pressure Surface TE θ angle has been changed to 17.8626°

Pressure Surface TE θ angle has been changed to 35.7252°

Pressure Surface TE θ angle has been changed to 5.4962°

Pressure Surface TE θ angle has been changed to 0°

Suction Surface TE θ angle has been changed to 20.6107°

Suction Surface TE θ angle has been changed to 46.7176°

Suction Surface TE θ angle has been changed to 72.8244°

Suction Surface TE θ angle has been changed to 104.4275°

Suction Surface TE θ angle has been changed to 96.1832°

Suction Surface TE θ angle has been changed to 89.313°

Pressure Surface TE θ angle has been changed to 92.0611°

Suction Surface TE θ angle has been changed to 81.0687°

Pressure Surface TE θ angle has been changed to 89.313°

