./Log/Log_Turbine-2017-9-22@19-26-57.1022.log
This Log File contains all the changes made by the user
Program has been run at:19:26:57.1022

Inlet Metal Angle has been changed to 32.4812°

Outlet Metal Angle has been changed to 55.4887°

Stagger Angle has been changed to 30.4511°

Thickness Profile has been changed to NACA0015

Inlet Metal Angle has been changed to 40.6015°

Inlet Metal Angle has been changed to 54.812°

Inlet Metal Angle has been changed to 69.0226°

Inlet Metal Angle has been changed to 35.8647°

Inlet Metal Angle has been changed to 30.4511°

Inlet Metal Angle has been changed to 38.5714°

Outlet Metal Angle has been changed to 60.2256°

Stagger Angle has been changed to 24.3609°

Stagger Angle has been changed to 16.9173°

Stagger Angle has been changed to 22.3308°

Thickness Profile has been changed to NACA0012

Thickness Profile has been changed to T6

Maximum Thickness has been changed to 0.061236

Maximum Thickness has been changed to 0.064045

Maximum Thickness has been changed to 0.066292

Maximum Thickness has been changed to 0.068539

Stagger Angle has been changed to 29.0977°

Stagger Angle has been changed to 23.0075°

Inlet Metal Angle has been changed to 29.0977°

Inlet Metal Angle has been changed to 34.5113°

Inlet Metal Angle has been changed to 24.3609°

Inlet Metal Angle has been changed to 28.4211°

Inlet Metal Angle has been changed to 29.7744°

Outlet Metal Angle has been changed to 58.8722°

