./Log/Log_Compressor-2017-9-24@0-2-26.7711.log
This Log File contains all the changes made by the user
Program has been run at:0:2:26.7711

Maximum Thickness has been changed to 0.06002

Maximum Thickness has been changed to 0.06002

Outlet Metal Angle has been changed to 16.9173°

Stagger Angle has been changed to 31.8045°

Outlet Metal Angle has been changed to 8.1203°

Maximum Thickness has been changed to 0.06002

Outlet Metal Angle has been changed to 12.8571°

Thickness Profile has been changed to NGTEmod

Outlet Metal Angle has been changed to 19.6241°

Outlet Metal Angle has been changed to 22.3308°

Maximum Thickness has been changed to 0.0495

Maximum Thickness has been changed to 0.0495

Maximum Thickness has been changed to 0.0495

Maximum Thickness has been changed to 0.0495

Maximum Thickness has been changed to 0.0495

Maximum Thickness has been changed to 0.0495

Maximum Thickness has been changed to 0.0495

Maximum Thickness has been changed to 0.0495

Maximum Thickness has been changed to 0.0495

Thickness Profile has been changed to NACA0015

Thickness Profile has been changed to NGTEmod

Maximum Thickness has been changed to 0.040045

Maximum Thickness has been changed to 0.043382

Maximum Thickness has been changed to 0.045051

Maximum Thickness has been changed to 0.052281

Maximum Thickness has been changed to 0.045051

Maximum Thickness has been changed to 0.050612

Maximum Thickness has been changed to 0.046719

Outlet Metal Angle has been changed to 16.9173°

