.\Log\Log_Compressor-2017-7-25@1-12-33.262.log
This Log File contains all the changes made by the user
Program has been run at:1:12:33.262

Maximum Thickness has been changed to 0.05

Outlet Metal Angle has been changed to 50.0752°

Stagger Angle has been changed to 23.0075°

Maximum Thickness has been changed to 0.05

Outlet Metal Angle has been changed to 15.5639°

Stagger Angle has been changed to 44.6617°

Stagger Angle has been changed to 35.188°

Thickness Profile has been changed to NACA0012

Thickness Profile has been changed to NACA0015

Maximum Thickness has been changed to 0.091878

Maximum Thickness has been changed to 0.12222

Thickness Profile has been changed to NACA66-010

Thickness Profile has been changed to NACA0012

Thickness Profile has been changed to C4

Maximum Thickness has been changed to 0.044944

Maximum Thickness has been changed to 0.033708

Maximum Thickness has been changed to 0.040449

Maximum Thickness has been changed to 0.038764

