./Log/Log_Turbine-2017-9-18@3-24-32.6884.log
This Log File contains all the changes made by the user
Program has been run at:3:24:32.6884

Thickness Profile has been changed to NACA0012

Thickness Profile has been changed to NACA0015

Thickness Profile has been changed to NACA66-010

Thickness Profile has been changed to NGTEmod

Thickness Profile has been changed to T6

Thickness Profile has been changed to A3K7

Thickness Profile has been changed to NGTEmod

Thickness Profile has been changed to NACA66-010

Thickness Profile has been changed to NACA0015

Thickness Profile has been changed to NACA0012

Thickness Profile has been changed to C4

Thickness Profile has been changed to NACA0015

Thickness Profile has been changed to NACA66-010

Thickness Profile has been changed to NGTEmod

Thickness Profile has been changed to T6

Thickness Profile has been changed to A3K7

Inlet Metal Angle has been changed to 33.8346°

Outlet Metal Angle has been changed to 55.4887°

Stagger Angle has been changed to 12.1805°

