./Log/Log_Manual Turbine-2017-9-12@18-40-18.4462.log
This Log File contains all the changes made by the user
Program has been run at:18:40:18.4462

Semimajor axis length has been changed to 0.14217

Semiminor axis length has been changed to 0.024096

Semiminor axis length has been changed to 0.026506

Semimajor axis length has been changed to 27.4809°

Suction Surface LE θ angle has been changed to 85.1908°

Pressure Surface LE θ angle has been changed to 39.8473°

Pressure Surface LE θ angle has been changed to 63.2061°

TE circunference radius has been changed to 0.025191

Outlet Metal angle has been changed to 35.0382°

Suction Surface TE θ angle has been changed to 35.7252°

Pressure Surface TE θ angle has been changed to 41.2214°

Stagger angle has been changed to 31.2097°

Stagger angle has been changed to 17.4194°

Suction Surface LE θ angle has been changed to 101.6794°

Suction Surface LE θ angle has been changed to 70.0763°

Suction Surface LE θ angle has been changed to 59.084°

Suction Surface LE θ angle has been changed to 78.3206°

Semiminor axis length has been changed to 0.039759

Semiminor axis length has been changed to 0.044578

Pitch to chord radio has been changed to 1.1976

Throat to chord radio has been changed to 0.3871

Throat to chord radio has been changed to 0.72581

Throat to chord radio has been changed to 0.79839

Thickness to chord radio has been changed to 0.41935

Thickness to chord radio has been changed to 0.52419

Thickness to chord radio has been changed to 0.35484

Throat θ angle has been changed to 47.9032°

Throat θ angle has been changed to 44.2742°

Thickness θ angle has been changed to 36.2903°

Thickness θ angle has been changed to 56.6129°

Thickness θ angle has been changed to 39.1935°

Thickness θ angle has been changed to 26.8548°

Thickness θ angle has been changed to 16.6935°

Thickness θ angle has been changed to 23.2258°

Pitch to chord radio has been changed to 1.0403

Throat to chord radio has been changed to 0.66129

Throat to chord radio has been changed to 0.70161

Throat to chord radio has been changed to 0.71774

Thickness to chord radio has been changed to 0.48387

