./Log/Log_Turbine-2017-8-14@15-14-45.921.log
This Log File contains all the changes made by the user
Program has been run at:15:14:45.921

Inlet Metal Angle has been changed to 25.7143°

Inlet Metal Angle has been changed to 33.1579°

Outlet Metal Angle has been changed to 16.2406°

Outlet Metal Angle has been changed to 21.6541°

Stagger Angle has been changed to 42.6316°

Stagger Angle has been changed to 66.3158°

Inlet Metal Angle has been changed to 43.985°

Inlet Metal Angle has been changed to 18.2707°

Outlet Metal Angle has been changed to 50.0752°

Stagger Angle has been changed to 30.4511°

Stagger Angle has been changed to 26.391°

Stagger Angle has been changed to 22.3308°

Inlet Metal Angle has been changed to 27.7444°

Inlet Metal Angle has been changed to 35.8647°

Inlet Metal Angle has been changed to 43.3083°

Inlet Metal Angle has been changed to 36.5414°

Outlet Metal Angle has been changed to 52.782°

Outlet Metal Angle has been changed to 58.1955°

Outlet Metal Angle has been changed to 54.812°

Stagger Angle has been changed to 26.391°

Inlet Metal Angle has been changed to 34.5113°

Maximum Thickness has been changed to 0.1

Maximum Thickness has been changed to 0.067978

Maximum Thickness has been changed to 0.060674

