./Log/Log_Compressor-2017-9-22@17-32-55.0586.log
This Log File contains all the changes made by the user
Program has been run at:17:32:55.0586

Maximum Thickness has been changed to 0.06002

Outlet Metal Angle has been changed to 14.2105°

Stagger Angle has been changed to 32.4812°

Stagger Angle has been changed to 41.9549°

Outlet Metal Angle has been changed to 20.3008°

Outlet Metal Angle has been changed to 36.5414°

Thickness Profile has been changed to NACA0015

Maximum Thickness has been changed to 0.048047

Maximum Thickness has been changed to 0.048047

Outlet Metal Angle has been changed to 17.594°

Stagger Angle has been changed to 36.5414°

Stagger Angle has been changed to 25.0376°

Outlet Metal Angle has been changed to 22.3308°

Outlet Metal Angle has been changed to 19.6241°

Outlet Metal Angle has been changed to 16.9173°

Stagger Angle has been changed to 19.6241°

Stagger Angle has been changed to 28.4211°

Stagger Angle has been changed to 21.6541°

Outlet Metal Angle has been changed to 9.4737°

Outlet Metal Angle has been changed to 15.5639°

Maximum Thickness has been changed to 0.048047

Stagger Angle has been changed to 23.0075°

