./Log/Log_Manual Turbine-2017-9-25@13-19-2.7942.log
This Log File contains all the changes made by the user
Program has been run at:13:19:2.7942

Semimajor axis length has been changed to 0.13494

Semiminor axis length has been changed to 0.037349

Semimajor axis length has been changed to 17.1756°

Semimajor axis length has been changed to 26.1069°

Semimajor axis length has been changed to 22.6718°

Semimajor axis length has been changed to 26.1069°

TE circunference radius has been changed to 0.0016412

Suction Surface LE θ angle has been changed to 79.6947°

Pressure Surface LE θ angle has been changed to 81.0687°

Outlet Metal angle has been changed to 65.2672°

Outlet Metal angle has been changed to 68.7023°

Stagger angle has been changed to 26.8548°

Suction Surface TE θ angle has been changed to 54.9618°

Pressure Surface TE θ angle has been changed to 56.3359°

Pitch to chord radio has been changed to 1.0282

Pitch to chord radio has been changed to 1.0645

Throat to chord radio has been changed to 0.58065

Throat to chord radio has been changed to 0.62903

Thickness to chord radio has been changed to 0.31452

Thickness to chord radio has been changed to 0.27419

Thickness to chord radio has been changed to 0.33065

Thickness to chord radio has been changed to 0.30645

Pressure Surface LE θ angle has been changed to 65.9542°

Pressure Surface LE θ angle has been changed to 83.8168°

Pressure Surface LE θ angle has been changed to 21.9847°

Pressure Surface LE θ angle has been changed to 38.4733°

Pressure Surface LE θ angle has been changed to 48.0916°

Suction Surface LE θ angle has been changed to 94.8092°

Suction Surface LE θ angle has been changed to 92.0611°

Throat θ angle has been changed to 28.3065°

Throat θ angle has been changed to 41.371°

Thickness θ angle has been changed to 20.3226°

Thickness θ angle has been changed to 29.7581°

Thickness θ angle has been changed to 12.3387°

Stagger angle has been changed to 37.0161°

Stagger angle has been changed to 32.6613°

Thickness to chord radio has been changed to 0.17742

Thickness θ angle has been changed to 23.2258°

Thickness θ angle has been changed to 5.0806°

Thickness θ angle has been changed to 0°

Throat θ angle has been changed to 33.3871°

Throat θ angle has been changed to 26.8548°

Throat θ angle has been changed to 18.871°

Throat θ angle has been changed to 12.3387°

Semimajor axis length has been changed to 0.11807

Semimajor axis length has been changed to 28.1679°

Suction Surface LE θ angle has been changed to 30.229°

Pressure Surface LE θ angle has been changed to 71.4504°

TE circunference radius has been changed to 0.0009542

Suction Surface TE θ angle has been changed to 79.6947°

Pressure Surface TE θ angle has been changed to 82.4427°

Pressure Surface TE θ angle has been changed to 79.6947°

Pitch to chord radio has been changed to 0.93145

Throat to chord radio has been changed to 0.5

Thickness to chord radio has been changed to 0.23387

Throat θ angle has been changed to 23.9516°

Thickness θ angle has been changed to 7.2581°

Thickness θ angle has been changed to 11.6129°

Thickness θ angle has been changed to 14.5161°

Thickness θ angle has been changed to 25.4032°

Thickness θ angle has been changed to 34.8387°

Thickness to chord radio has been changed to 0.19355

Thickness θ angle has been changed to 28.3065°

Thickness θ angle has been changed to 18.1452°

Thickness θ angle has been changed to 7.9839°

Thickness θ angle has been changed to 16.6935°

Pressure Surface LE θ angle has been changed to 67.3282°

Pressure Surface LE θ angle has been changed to 57.7099°

Thickness θ angle has been changed to 8.7097°

Thickness θ angle has been changed to 4.3548°

Thickness θ angle has been changed to 7.9839°

Thickness θ angle has been changed to 14.5161°

Throat θ angle has been changed to 26.8548°

Throat θ angle has been changed to 24.6774°

Throat θ angle has been changed to 28.3065°

Throat θ angle has been changed to 29.7581°

Throat θ angle has been changed to 34.1129°

Throat θ angle has been changed to 39.1935°

Throat θ angle has been changed to 38.4677°

Throat θ angle has been changed to 23.9516°

Pitch to chord radio has been changed to 0.97984

Pitch to chord radio has been changed to 1.0524

Thickness to chord radio has been changed to 0.30645

Thickness to chord radio has been changed to 0.18548

Thickness to chord radio has been changed to 0.23387

Thickness to chord radio has been changed to 0.28226

Thickness θ angle has been changed to 32.6613°

Thickness θ angle has been changed to 21.0484°

Thickness θ angle has been changed to 6.5323°

Thickness θ angle has been changed to 0°

Pressure Surface LE θ angle has been changed to 71.4504°

Pressure Surface LE θ angle has been changed to 81.0687°

Suction Surface LE θ angle has been changed to 42.5954°

Suction Surface LE θ angle has been changed to 57.7099°

Suction Surface LE θ angle has been changed to 48.0916°

Thickness θ angle has been changed to 5.8065°

Thickness θ angle has been changed to 17.4194°

Thickness θ angle has been changed to 5.8065°

Thickness θ angle has been changed to 0°

Pitch to chord radio has been changed to 1.004

Thickness to chord radio has been changed to 0.27419

Thickness θ angle has been changed to 23.9516°

Thickness θ angle has been changed to 27.5806°

Thickness θ angle has been changed to 3.629°

Thickness θ angle has been changed to 0°

Stagger angle has been changed to 30.4839°

Outlet Metal angle has been changed to 70.7634°

TE circunference radius has been changed to 0.0012977

TE circunference radius has been changed to 0.0017557

TE circunference radius has been changed to 0.0016412

TE circunference radius has been changed to 0.0014122

Suction Surface LE θ angle has been changed to 71.4504°

Suction Surface LE θ angle has been changed to 32.9771°

Pressure Surface LE θ angle has been changed to 71.4504°

Pressure Surface LE θ angle has been changed to 67.3282°

Suction Surface TE θ angle has been changed to 85.1908°

Pressure Surface TE θ angle has been changed to 87.9389°

Throat θ angle has been changed to 22.5°

Throat θ angle has been changed to 23.9516°

Throat θ angle has been changed to 26.129°

Throat θ angle has been changed to 31.2097°

Throat θ angle has been changed to 30.4839°

Throat θ angle has been changed to 23.9516°

Throat θ angle has been changed to 13.7903°

Throat θ angle has been changed to 15.9677°

Throat θ angle has been changed to 18.1452°

Throat θ angle has been changed to 21.7742°

Throat θ angle has been changed to 24.6774°

Throat θ angle has been changed to 27.5806°

Throat θ angle has been changed to 26.129°

Throat θ angle has been changed to 27.5806°

Throat θ angle has been changed to 31.9355°

Throat θ angle has been changed to 31.2097°

Throat θ angle has been changed to 34.1129°

Throat θ angle has been changed to 36.2903°

Throat θ angle has been changed to 40.6452°

Throat θ angle has been changed to 45°

Throat θ angle has been changed to 50.0806°

Throat θ angle has been changed to 54.4355°

Throat θ angle has been changed to 61.6935°

Throat θ angle has been changed to 58.7903°

Throat θ angle has been changed to 53.7097°

