./Log/Log_Turbine-2017-9-20@15-16-53.4824.log
This Log File contains all the changes made by the user
Program has been run at:15:16:53.4824

Inlet Metal Angle has been changed to 29.0977°

Outlet Metal Angle has been changed to 59.5489°

Stagger Angle has been changed to 33.1579°

Inlet Metal Angle has been changed to 36.5414°

Outlet Metal Angle has been changed to 66.9925°

Outlet Metal Angle has been changed to 74.4361°

Outlet Metal Angle has been changed to 70.3759°

Thickness Profile has been changed to NACA0015

Thickness Profile has been changed to NGTEmod

Maximum Thickness has been changed to 0.069522

Thickness Profile has been changed to NACA0015

Maximum Thickness has been changed to 0.075863

Maximum Thickness has been changed to 0.087664

Maximum Thickness has been changed to 0.079235

Maximum Thickness has been changed to 0.067434

Maximum Thickness has been changed to 0.087664

Maximum Thickness has been changed to 0.064062

Thickness Profile has been changed to NACA0012

Thickness Profile has been changed to NACA0015

Maximum Thickness has been changed to 0.071648

Maximum Thickness has been changed to 0.086821

Maximum Thickness has been changed to 0.06912

Thickness Profile has been changed to NACA0012

Maximum Thickness has been changed to 0.069461

