./Log/Log_Compressor-2017-9-21@0-30-44.1435.log
This Log File contains all the changes made by the user
Program has been run at:0:30:44.1435

Maximum Thickness has been changed to 0.06002

Outlet Metal Angle has been changed to 48.7218°

Stagger Angle has been changed to 31.1278°

Stagger Angle has been changed to 35.8647°

Outlet Metal Angle has been changed to 20.3008°

Maximum Thickness has been changed to 0.06002

Outlet Metal Angle has been changed to 52.1053°

Outlet Metal Angle has been changed to 25.0376°

Stagger Angle has been changed to 40.6015°

Maximum Thickness has been changed to 0.06002

Outlet Metal Angle has been changed to 50.0752°

Outlet Metal Angle has been changed to 57.5188°

Stagger Angle has been changed to 38.5714°

Stagger Angle has been changed to 24.3609°

Stagger Angle has been changed to 41.2782°

Outlet Metal Angle has been changed to 23.0075°

Outlet Metal Angle has been changed to 54.1353°

Maximum Thickness has been changed to 0.06002

Stagger Angle has been changed to 32.4812°

Outlet Metal Angle has been changed to 18.2707°

Outlet Metal Angle has been changed to 29.0977°

Maximum Thickness has been changed to 0.051927

Outlet Metal Angle has been changed to 34.5113°

Outlet Metal Angle has been changed to 25.0376°

Outlet Metal Angle has been changed to 18.2707°

Outlet Metal Angle has been changed to 57.5188°

Maximum Thickness has been changed to 0.051927

Maximum Thickness has been changed to 0.051927

Maximum Thickness has been changed to 0.051927

Maximum Thickness has been changed to 0.051927

Outlet Metal Angle has been changed to 25.7143°

Outlet Metal Angle has been changed to 54.1353°

Outlet Metal Angle has been changed to 23.6842°

Maximum Thickness has been changed to 0.051927

Stagger Angle has been changed to 35.188°

Maximum Thickness has been changed to 0.044509

Maximum Thickness has been changed to 0.044509

Maximum Thickness has been changed to 0.044509

Maximum Thickness has been changed to 0.044509

Maximum Thickness has been changed to 0.044509

Maximum Thickness has been changed to 0.055299

Maximum Thickness has been changed to 0.06002

Maximum Thickness has been changed to 0.06002

Outlet Metal Angle has been changed to 35.188°

Outlet Metal Angle has been changed to 38.5714°

Outlet Metal Angle has been changed to 29.7744°

Outlet Metal Angle has been changed to 26.391°

Maximum Thickness has been changed to 0.06002

Maximum Thickness has been changed to 0.06002

Maximum Thickness has been changed to 0.06002

Maximum Thickness has been changed to 0.06002

Stagger Angle has been changed to 30.4511°

Stagger Angle has been changed to 39.2481°

Stagger Angle has been changed to 48.0451°

Stagger Angle has been changed to 41.2782°

Stagger Angle has been changed to 37.8947°

Outlet Metal Angle has been changed to 13.5338°

Outlet Metal Angle has been changed to 12.1805°

Outlet Metal Angle has been changed to 29.0977°

Outlet Metal Angle has been changed to 45.3383°

Outlet Metal Angle has been changed to 59.5489°

Outlet Metal Angle has been changed to 71.0526°

Outlet Metal Angle has been changed to 90°

Outlet Metal Angle has been changed to 71.7293°

Outlet Metal Angle has been changed to 54.1353°

Outlet Metal Angle has been changed to 31.1278°

Outlet Metal Angle has been changed to 15.5639°

Maximum Thickness has been changed to 0.06002

Maximum Thickness has been changed to 0.06002

Outlet Metal Angle has been changed to 53.4586°

Maximum Thickness has been changed to 0.06002

