./Log/Log_Manual Turbine-2017-9-24@17-25-23.3727.log
This Log File contains all the changes made by the user
Program has been run at:17:25:23.3727

Semimajor axis length has been changed to 0.13012

Semiminor axis length has been changed to 0.049398

Semiminor axis length has been changed to 0.033735

Semimajor axis length has been changed to 16.4885°

Suction Surface LE θ angle has been changed to 85.1908°

Pressure Surface LE θ angle has been changed to 85.1908°

TE circunference radius has been changed to 0.0035496

Outlet Metal angle has been changed to 60.458°

Stagger angle has been changed to 21.0484°

Stagger angle has been changed to 34.1129°

Stagger angle has been changed to 25.4032°

Outlet Metal angle has been changed to 69.3893°

Semimajor axis length has been changed to 26.1069°

Suction Surface TE θ angle has been changed to 82.4427°

Pressure Surface TE θ angle has been changed to 75.5725°

Pitch to chord radio has been changed to 1.0766

Throat to chord radio has been changed to 0.56452

Thickness to chord radio has been changed to 0.40323

Thickness to chord radio has been changed to 0.46774

Thickness to chord radio has been changed to 0.40323

Throat to chord radio has been changed to 0.67742

Pitch to chord radio has been changed to 1.2218

Pitch to chord radio has been changed to 1.1734

Thickness to chord radio has been changed to 0.25

Thickness to chord radio has been changed to 0.33871

Thickness to chord radio has been changed to 0.22581

Thickness to chord radio has been changed to 0.31452

Throat θ angle has been changed to 22.5°

Throat θ angle has been changed to 42.8226°

Throat θ angle has been changed to 28.3065°

Throat θ angle has been changed to 21.0484°

Throat θ angle has been changed to 10.8871°

Thickness θ angle has been changed to 26.8548°

Thickness θ angle has been changed to 28.3065°

Thickness θ angle has been changed to 18.1452°

Thickness θ angle has been changed to 10.1613°

Thickness θ angle has been changed to 3.629°

Thickness to chord radio has been changed to 0.41935

Thickness to chord radio has been changed to 0.24194

Thickness to chord radio has been changed to 0.33065

Suction Surface LE θ angle has been changed to 65.9542°

Suction Surface LE θ angle has been changed to 30.229°

Thickness to chord radio has been changed to 0.23387

Thickness to chord radio has been changed to 0.31452

Stagger angle has been changed to 33.3871°

Stagger angle has been changed to 36.2903°

Thickness to chord radio has been changed to 0.10484

Thickness to chord radio has been changed to 0.1371

Thickness to chord radio has been changed to 0.21774

Thickness to chord radio has been changed to 0.27419

Thickness to chord radio has been changed to 0.1371

Throat to chord radio has been changed to 0.62903

Thickness to chord radio has been changed to 0.26613

Pressure Surface LE θ angle has been changed to 46.7176°

Pressure Surface LE θ angle has been changed to 64.5802°

Semiminor axis length has been changed to 0.022892

Semiminor axis length has been changed to 0.038554

Semimajor axis length has been changed to 0.093976

Semimajor axis length has been changed to 0.11807

Semimajor axis length has been changed to 0.091566

Thickness θ angle has been changed to 10.1613°

Thickness θ angle has been changed to 15.9677°

Thickness θ angle has been changed to 2.9032°

Thickness θ angle has been changed to 0°

Thickness to chord radio has been changed to 0.14516

Thickness to chord radio has been changed to 0.25806

Throat to chord radio has been changed to 0.5

Pressure Surface LE θ angle has been changed to 100.3053°

Pressure Surface LE θ angle has been changed to 107.1756°

Thickness to chord radio has been changed to 0.35484

Thickness to chord radio has been changed to 0.12903

Thickness to chord radio has been changed to 0.25806

Thickness to chord radio has been changed to 0.34677

Throat θ angle has been changed to 17.4194°

Throat θ angle has been changed to 21.0484°

Throat θ angle has been changed to 18.1452°

Throat θ angle has been changed to 25.4032°

Thickness θ angle has been changed to 13.7903°

Thickness θ angle has been changed to 23.9516°

Thickness θ angle has been changed to 34.1129°

Thickness θ angle has been changed to 13.0645°

Thickness θ angle has been changed to 5.8065°

Semimajor axis length has been changed to 0.1253

Semimajor axis length has been changed to 0.14699

Semimajor axis length has been changed to 0.11566

Pitch to chord radio has been changed to 0.97984

Pitch to chord radio has been changed to 1.0524

Pitch to chord radio has been changed to 0.96774

Pitch to chord radio has been changed to 0.99194

Thickness to chord radio has been changed to 0.18548

Thickness to chord radio has been changed to 0.080645

Thickness to chord radio has been changed to 0.18548

Thickness to chord radio has been changed to 0.12903

Thickness θ angle has been changed to 18.1452°

Thickness θ angle has been changed to 21.7742°

Thickness θ angle has been changed to 36.2903°

Thickness to chord radio has been changed to 0.22581

Throat θ angle has been changed to 18.1452°

Throat θ angle has been changed to 23.2258°

Thickness θ angle has been changed to 45.7258°

Thickness θ angle has been changed to 27.5806°

Thickness θ angle has been changed to 19.5968°

Thickness θ angle has been changed to 29.0323°

Pressure Surface LE θ angle has been changed to 89.313°

Pressure Surface LE θ angle has been changed to 68.7023°

Thickness θ angle has been changed to 20.3226°

Stagger angle has been changed to 40.6452°

Stagger angle has been changed to 30.4839°

Thickness θ angle has been changed to 15.9677°

Thickness θ angle has been changed to 2.9032°

Thickness θ angle has been changed to 0°

Throat θ angle has been changed to 17.4194°

Throat θ angle has been changed to 12.3387°

Throat θ angle has been changed to 22.5°

Thickness to chord radio has been changed to 0.16935

Thickness to chord radio has been changed to 0.25806

Thickness to chord radio has been changed to 0.12097

Thickness to chord radio has been changed to 0.23387

Semimajor axis length has been changed to 28.1679°

Semimajor axis length has been changed to 20.6107°

Semimajor axis length has been changed to 27.4809°

TE circunference radius has been changed to 0.005

Suction Surface TE θ angle has been changed to 87.9389°

Pressure Surface TE θ angle has been changed to 64.5802°

Pressure Surface TE θ angle has been changed to 82.4427°

Pressure Surface TE θ angle has been changed to 76.9466°

Pressure Surface TE θ angle has been changed to 86.5649°

TE circunference radius has been changed to 0.0021374

TE circunference radius has been changed to 0.0014885

