./Log/Log_Compressor-2017-9-12@14-6-44.8817.log
This Log File contains all the changes made by the user
Program has been run at:14:6:44.8817

Maximum Thickness has been changed to 0.05

Outlet Metal Angle has been changed to 59.5489°

Stagger Angle has been changed to 28.4211°

Maximum Thickness has been changed to 0.05

Outlet Metal Angle has been changed to 25.7143°

Outlet Metal Angle has been changed to 29.7744°

Stagger Angle has been changed to 16.2406°

Stagger Angle has been changed to 46.015°

Stagger Angle has been changed to 49.3985°

Maximum Thickness has been changed to 0.05

Outlet Metal Angle has been changed to 14.2105°

Stagger Angle has been changed to 34.5113°

Thickness Profile has been changed to NACA0012

Thickness Profile has been changed to NACA0015

Thickness Profile has been changed to NACA66-010

Thickness Profile has been changed to NGTEmod

Thickness Profile has been changed to NACA0015

Maximum Thickness has been changed to 0.062376

