./Log/Log_Compressor-2017-9-24@1-33-13.8627.log
This Log File contains all the changes made by the user
Program has been run at:1:33:13.8627

Maximum Thickness has been changed to 0.06002

Maximum Thickness has been changed to 0.06002

Outlet Metal Angle has been changed to 31.8045°

Stagger Angle has been changed to 35.188°

Thickness Profile has been changed to NACA0015

Maximum Thickness has been changed to 0.05479

Maximum Thickness has been changed to 0.050575

Maximum Thickness has been changed to 0.047204

Outlet Metal Angle has been changed to 25.0376°

Outlet Metal Angle has been changed to 29.0977°

Maximum Thickness has been changed to 0.047204

Outlet Metal Angle has been changed to 18.2707°

Stagger Angle has been changed to 29.7744°

Stagger Angle has been changed to 37.218°

Stagger Angle has been changed to 34.5113°

Maximum Thickness has been changed to 0.047204

Maximum Thickness has been changed to 0.047204

Maximum Thickness has been changed to 0.039617

Maximum Thickness has been changed to 0.035403

Outlet Metal Angle has been changed to 11.5038°

Outlet Metal Angle has been changed to 15.5639°

Maximum Thickness has been changed to 0.035403

Maximum Thickness has been changed to 0.035403

Maximum Thickness has been changed to 0.035403

Maximum Thickness has been changed to 0.035403

Stagger Angle has been changed to 23.6842°

Outlet Metal Angle has been changed to 22.3308°

Outlet Metal Angle has been changed to 12.8571°

Maximum Thickness has been changed to 0.035403

Maximum Thickness has been changed to 0.035403

Stagger Angle has been changed to 19.6241°

Stagger Angle has been changed to 22.3308°

Outlet Metal Angle has been changed to 14.8872°

Outlet Metal Angle has been changed to 17.594°

Maximum Thickness has been changed to 0.035403

Maximum Thickness has been changed to 0.035403

Maximum Thickness has been changed to 0.035403

Maximum Thickness has been changed to 0.035403

Maximum Thickness has been changed to 0.035403

Maximum Thickness has been changed to 0.035403

Outlet Metal Angle has been changed to 29.0977°

Outlet Metal Angle has been changed to 10.1504°

