./Log/Log_Compressor-2017-9-21@16-36-13.394.log
This Log File contains all the changes made by the user
Program has been run at:16:36:13.394

Maximum Thickness has been changed to 0.06002

Maximum Thickness has been changed to 0.06002

Maximum Thickness has been changed to 0.06002

Maximum Thickness has been changed to 0.06002

Outlet Metal Angle has been changed to 10.1504°

Stagger Angle has been changed to 18.9474°

Stagger Angle has been changed to 0°

Outlet Metal Angle has been changed to 11.5038°

Outlet Metal Angle has been changed to 12.8571°

Outlet Metal Angle has been changed to 77.8195°

Outlet Metal Angle has been changed to 75.7895°

Outlet Metal Angle has been changed to 78.4962°

Outlet Metal Angle has been changed to 80.5263°

Outlet Metal Angle has been changed to 0°

Stagger Angle has been changed to 22.3308°

Outlet Metal Angle has been changed to 10.1504°

Outlet Metal Angle has been changed to 11.5038°

Outlet Metal Angle has been changed to 10.1504°

Outlet Metal Angle has been changed to 20.9774°

Outlet Metal Angle has been changed to 34.5113°

Outlet Metal Angle has been changed to 39.2481°

Outlet Metal Angle has been changed to 50.0752°

Outlet Metal Angle has been changed to 57.5188°

Outlet Metal Angle has been changed to 8.797°

Stagger Angle has been changed to 32.4812°

Stagger Angle has been changed to 33.1579°

Stagger Angle has been changed to 49.3985°

Outlet Metal Angle has been changed to 22.3308°

Outlet Metal Angle has been changed to 8.797°

Stagger Angle has been changed to 31.8045°

Stagger Angle has been changed to 18.2707°

Outlet Metal Angle has been changed to 21.6541°

Outlet Metal Angle has been changed to 0°

Stagger Angle has been changed to 0°

Outlet Metal Angle has been changed to 14.2105°

Stagger Angle has been changed to 25.7143°

Stagger Angle has been changed to 26.391°

Stagger Angle has been changed to 23.6842°

Stagger Angle has been changed to 36.5414°

Stagger Angle has been changed to 12.1805°

Outlet Metal Angle has been changed to 31.8045°

Outlet Metal Angle has been changed to 32.4812°

Stagger Angle has been changed to 26.391°

Stagger Angle has been changed to 15.5639°

Maximum Thickness has been changed to 0.06002

Maximum Thickness has been changed to 0.06002

Maximum Thickness has been changed to 0.06002

Outlet Metal Angle has been changed to 7.4436°

Outlet Metal Angle has been changed to 0°

Stagger Angle has been changed to 0°

Maximum Thickness has been changed to 0.06002

Outlet Metal Angle has been changed to 27.7444°

Stagger Angle has been changed to 40.6015°

Outlet Metal Angle has been changed to 18.2707°

Stagger Angle has been changed to 31.8045°

Outlet Metal Angle has been changed to 41.2782°

Outlet Metal Angle has been changed to 44.6617°

Maximum Thickness has been changed to 0.06002

Thickness Profile has been changed to NACA66-010

Stagger Angle has been changed to 0°

Maximum Thickness has been changed to 0.05

Maximum Thickness has been changed to 0.05

Maximum Thickness has been changed to 0.05

Maximum Thickness has been changed to 0.05

Maximum Thickness has been changed to 0.05

Maximum Thickness has been changed to 0.05

Outlet Metal Angle has been changed to 12.1805°

Outlet Metal Angle has been changed to 13.5338°

Outlet Metal Angle has been changed to 16.2406°

Outlet Metal Angle has been changed to 0°

Maximum Thickness has been changed to 0.05

Maximum Thickness has been changed to 0.05

Outlet Metal Angle has been changed to 14.2105°

Outlet Metal Angle has been changed to 11.5038°

Outlet Metal Angle has been changed to 11.5038°

Outlet Metal Angle has been changed to 12.8571°

Outlet Metal Angle has been changed to 14.2105°

Stagger Angle has been changed to 12.1805°

Stagger Angle has been changed to 22.3308°

Stagger Angle has been changed to 4.7368°

Stagger Angle has been changed to 2.7068°

Stagger Angle has been changed to 4.0602°

Stagger Angle has been changed to 0°

Stagger Angle has been changed to 47.3684°

Stagger Angle has been changed to 7.4436°

Stagger Angle has been changed to 0°

