./Log/Log_Compressor-2017-9-21@4-55-46.0784.log
This Log File contains all the changes made by the user
Program has been run at:4:55:46.0784

Maximum Thickness has been changed to 0.06002

Outlet Metal Angle has been changed to 61.5789°

Stagger Angle has been changed to 21.6541°

Stagger Angle has been changed to 37.218°

Stagger Angle has been changed to 23.0075°

Stagger Angle has been changed to 5.4135°

Stagger Angle has been changed to 35.8647°

Outlet Metal Angle has been changed to 14.8872°

Maximum Thickness has been changed to 0.06002

Stagger Angle has been changed to 45.3383°

Stagger Angle has been changed to 19.6241°

Outlet Metal Angle has been changed to 33.1579°

Maximum Thickness has been changed to 0.06002

Outlet Metal Angle has been changed to 50.0752°

Outlet Metal Angle has been changed to 37.8947°

Maximum Thickness has been changed to 0.06002

Maximum Thickness has been changed to 0.06002

Outlet Metal Angle has been changed to 49.3985°

Stagger Angle has been changed to 40.6015°

Stagger Angle has been changed to 32.4812°

Outlet Metal Angle has been changed to 56.8421°

Outlet Metal Angle has been changed to 63.609°

Thickness Profile has been changed to NACA0015

Thickness Profile has been changed to NGTEmod

Thickness Profile has been changed to T6

Thickness Profile has been changed to A3K7

Outlet Metal Angle has been changed to 72.406°

Outlet Metal Angle has been changed to 80.5263°

Outlet Metal Angle has been changed to 73.0827°

Outlet Metal Angle has been changed to 63.609°

Maximum Thickness has been changed to 0.1

Maximum Thickness has been changed to 0.1

Stagger Angle has been changed to 43.985°

Stagger Angle has been changed to 38.5714°

Outlet Metal Angle has been changed to 90°

Outlet Metal Angle has been changed to 87.2932°

Outlet Metal Angle has been changed to 68.3459°

Outlet Metal Angle has been changed to 60.9023°

Stagger Angle has been changed to 90°

Stagger Angle has been changed to 39.9248°

Outlet Metal Angle has been changed to 61.5789°

Outlet Metal Angle has been changed to 54.812°

Outlet Metal Angle has been changed to 58.8722°

Outlet Metal Angle has been changed to 67.6692°

Outlet Metal Angle has been changed to 84.5865°

Maximum Thickness has been changed to 0.1

Maximum Thickness has been changed to 0.1

Outlet Metal Angle has been changed to 90°

Outlet Metal Angle has been changed to 78.4962°

Stagger Angle has been changed to 0°

Stagger Angle has been changed to 7.4436°

Stagger Angle has been changed to 14.8872°

Stagger Angle has been changed to 18.2707°

Stagger Angle has been changed to 24.3609°

Stagger Angle has been changed to 35.8647°

Stagger Angle has been changed to 29.0977°

Maximum Thickness has been changed to 0.1

Maximum Thickness has been changed to 0.1

Outlet Metal Angle has been changed to 56.8421°

Maximum Thickness has been changed to 0.1

Stagger Angle has been changed to 38.5714°

Stagger Angle has been changed to 45.3383°

Outlet Metal Angle has been changed to 66.3158°

Maximum Thickness has been changed to 0.1

Maximum Thickness has been changed to 0.074157

Thickness Profile has been changed to NACA0015

Maximum Thickness has been changed to 0.067434

Maximum Thickness has been changed to 0.085978

Maximum Thickness has been changed to 0.079235

Maximum Thickness has been changed to 0.073334

Outlet Metal Angle has been changed to 63.609°

Outlet Metal Angle has been changed to 48.7218°

Outlet Metal Angle has been changed to 57.5188°

Outlet Metal Angle has been changed to 67.6692°

Outlet Metal Angle has been changed to 72.406°

Outlet Metal Angle has been changed to 56.1654°

Stagger Angle has been changed to 32.4812°

Maximum Thickness has been changed to 0.073334

Maximum Thickness has been changed to 0.073334

Thickness Profile has been changed to A3K7

