./Log/Log_Compressor-2017-9-22@15-2-57.5331.log
This Log File contains all the changes made by the user
Program has been run at:15:2:57.5331

Maximum Thickness has been changed to 0.06002

Outlet Metal Angle has been changed to 22.3308°

Stagger Angle has been changed to 37.218°

Thickness Profile has been changed to NACA0015

Maximum Thickness has been changed to 0.06912

Maximum Thickness has been changed to 0.064062

Outlet Metal Angle has been changed to 30.4511°

Stagger Angle has been changed to 41.9549°

Stagger Angle has been changed to 42.6316°

Maximum Thickness has been changed to 0.064062

Maximum Thickness has been changed to 0.064062

Maximum Thickness has been changed to 0.064062

Outlet Metal Angle has been changed to 33.1579°

Outlet Metal Angle has been changed to 28.4211°

Thickness Profile has been changed to NACA0012

Thickness Profile has been changed to NACA0015

Maximum Thickness has been changed to 0.056476

Maximum Thickness has been changed to 0.043832

Maximum Thickness has been changed to 0.043832

Maximum Thickness has been changed to 0.043832

Stagger Angle has been changed to 40.6015°

Stagger Angle has been changed to 38.5714°

Stagger Angle has been changed to 48.7218°

Stagger Angle has been changed to 46.6917°

Stagger Angle has been changed to 42.6316°

Stagger Angle has been changed to 33.8346°

Outlet Metal Angle has been changed to 23.0075°

Outlet Metal Angle has been changed to 22.3308°

Maximum Thickness has been changed to 0.064062

Maximum Thickness has been changed to 0.064905

Stagger Angle has been changed to 36.5414°

Outlet Metal Angle has been changed to 31.1278°

Maximum Thickness has been changed to 0.055633

Maximum Thickness has been changed to 0.05479

Maximum Thickness has been changed to 0.05479

Maximum Thickness has been changed to 0.05479

Maximum Thickness has been changed to 0.05479

Maximum Thickness has been changed to 0.05479

Maximum Thickness has been changed to 0.05479

Maximum Thickness has been changed to 0.05479

Outlet Metal Angle has been changed to 37.218°

Outlet Metal Angle has been changed to 39.9248°

Outlet Metal Angle has been changed to 34.5113°

Outlet Metal Angle has been changed to 22.3308°

Outlet Metal Angle has been changed to 21.6541°

Stagger Angle has been changed to 40.6015°

Stagger Angle has been changed to 41.2782°

Maximum Thickness has been changed to 0.05479

Maximum Thickness has been changed to 0.05479

Maximum Thickness has been changed to 0.05479

Stagger Angle has been changed to 39.2481°

Outlet Metal Angle has been changed to 22.3308°

Outlet Metal Angle has been changed to 28.4211°

Outlet Metal Angle has been changed to 32.4812°

Maximum Thickness has been changed to 0.05479

Outlet Metal Angle has been changed to 33.8346°

Outlet Metal Angle has been changed to 27.7444°

Outlet Metal Angle has been changed to 21.6541°

Outlet Metal Angle has been changed to 25.0376°

Maximum Thickness has been changed to 0.05479

Thickness Profile has been changed to T6

Maximum Thickness has been changed to 0.042135

Maximum Thickness has been changed to 0.044944

Maximum Thickness has been changed to 0.048876

Maximum Thickness has been changed to 0.051124

Maximum Thickness has been changed to 0.051124

Maximum Thickness has been changed to 0.051124

Maximum Thickness has been changed to 0.051124

Thickness Profile has been changed to NGTEmod

Thickness Profile has been changed to NACA0015

Thickness Profile has been changed to NGTEmod

Maximum Thickness has been changed to 0.043938

Maximum Thickness has been changed to 0.057843

Maximum Thickness has been changed to 0.053949

Maximum Thickness has been changed to 0.046163

Outlet Metal Angle has been changed to 11.5038°

Stagger Angle has been changed to 29.7744°

Outlet Metal Angle has been changed to 19.6241°

Stagger Angle has been changed to 38.5714°

Stagger Angle has been changed to 33.8346°

Outlet Metal Angle has been changed to 26.391°

Stagger Angle has been changed to 41.9549°

Stagger Angle has been changed to 32.4812°

Stagger Angle has been changed to 38.5714°

Maximum Thickness has been changed to 0.050612

Stagger Angle has been changed to 35.188°

Outlet Metal Angle has been changed to 33.8346°

Outlet Metal Angle has been changed to 23.6842°

Outlet Metal Angle has been changed to 18.2707°

Outlet Metal Angle has been changed to 24.3609°

Outlet Metal Angle has been changed to 20.3008°

Outlet Metal Angle has been changed to 22.3308°

Stagger Angle has been changed to 33.1579°

Stagger Angle has been changed to 29.7744°

Stagger Angle has been changed to 33.8346°

Stagger Angle has been changed to 33.1579°

