./Log/Log_Manual Turbine-2017-9-20@13-11-10.9557.log
This Log File contains all the changes made by the user
Program has been run at:13:11:10.9557

Semimajor axis length has been changed to 0.14458

Semiminor axis length has been changed to 0.036145

Semimajor axis length has been changed to 46.0305°

Semimajor axis length has been changed to 30.229°

Semimajor axis length has been changed to 40.5344°

Suction Surface LE θ angle has been changed to 79.6947°

Pressure Surface LE θ angle has been changed to 101.6794°

Pressure Surface LE θ angle has been changed to 75.5725°

TE circunference radius has been changed to 0.0045038

Outlet Metal angle has been changed to 31.6031°

Suction Surface TE θ angle has been changed to 67.3282°

Suction Surface TE θ angle has been changed to 79.6947°

Pressure Surface TE θ angle has been changed to 64.5802°

Pressure Surface TE θ angle has been changed to 79.6947°

Stagger angle has been changed to 34.1129°

Semimajor axis length has been changed to 61.8321°

Semimajor axis length has been changed to 76.2595°

Semimajor axis length has been changed to 60.458°

Semimajor axis length has been changed to 35.0382°

Semimajor axis length has been changed to 42.5954°

Semimajor axis length has been changed to 49.4656°

Semimajor axis length has been changed to 62.5191°

Outlet Metal angle has been changed to 54.9618°

Outlet Metal angle has been changed to 65.2672°

Outlet Metal angle has been changed to 72.8244°

Stagger angle has been changed to 46.4516°

Stagger angle has been changed to 34.8387°

Stagger angle has been changed to 26.129°

Outlet Metal angle has been changed to 69.3893°

Outlet Metal angle has been changed to 61.145°

Suction Surface LE θ angle has been changed to 57.7099°

Pressure Surface LE θ angle has been changed to 63.2061°

Pitch to chord radio has been changed to 1.1129

Throat to chord radio has been changed to 0.59677

Thickness to chord radio has been changed to 0.40323

Thickness to chord radio has been changed to 0.45968

Thickness to chord radio has been changed to 0.31452

Thickness to chord radio has been changed to 0.3629

Throat θ angle has been changed to 36.2903°

Throat θ angle has been changed to 40.6452°

Throat θ angle has been changed to 42.8226°

Thickness θ angle has been changed to 39.9194°

Thickness θ angle has been changed to 27.5806°

Thickness θ angle has been changed to 21.0484°

Thickness θ angle has been changed to 29.0323°

Thickness θ angle has been changed to 37.0161°

Thickness θ angle has been changed to 32.6613°

Pressure Surface TE θ angle has been changed to 90.687°

Pressure Surface TE θ angle has been changed to 122.2901°

Pressure Surface TE θ angle has been changed to 101.6794°

Pressure Surface TE θ angle has been changed to 86.5649°

Throat θ angle has been changed to 31.9355°

Throat θ angle has been changed to 25.4032°

Throat θ angle has been changed to 20.3226°

Thickness θ angle has been changed to 23.2258°

Thickness θ angle has been changed to 12.3387°

Thickness θ angle has been changed to 7.9839°

Thickness θ angle has been changed to 16.6935°

Stagger angle has been changed to 28.3065°

Stagger angle has been changed to 21.7742°

Throat θ angle has been changed to 25.4032°

Thickness θ angle has been changed to 24.6774°

Thickness θ angle has been changed to 20.3226°

Thickness θ angle has been changed to 13.0645°

Thickness θ angle has been changed to 18.871°

Throat to chord radio has been changed to 0.56452

Throat to chord radio has been changed to 0.62097

Throat to chord radio has been changed to 0.67742

Throat to chord radio has been changed to 0.64516

Throat θ angle has been changed to 17.4194°

Throat θ angle has been changed to 18.871°

Thickness θ angle has been changed to 41.371°

Thickness θ angle has been changed to 23.2258°

Thickness θ angle has been changed to 15.2419°

Thickness θ angle has been changed to 9.4355°

Thickness θ angle has been changed to 3.629°

Thickness θ angle has been changed to 0°

Thickness θ angle has been changed to 11.6129°

Thickness to chord radio has been changed to 0.43548

Thickness to chord radio has been changed to 0.33065

Thickness to chord radio has been changed to 0.24194

Thickness to chord radio has been changed to 0.25806

Thickness θ angle has been changed to 19.5968°

Thickness θ angle has been changed to 18.871°

Thickness θ angle has been changed to 0.72581°

Throat θ angle has been changed to 31.9355°

Throat θ angle has been changed to 33.3871°

Throat θ angle has been changed to 35.5645°

Semiminor axis length has been changed to 0.06988

Semiminor axis length has been changed to 0.046988

Semiminor axis length has been changed to 0.031325

Semiminor axis length has been changed to 0.039759

Semimajor axis length has been changed to 41.2214°

Suction Surface LE θ angle has been changed to 50.8397°

Pressure Surface LE θ angle has been changed to 54.9618°

Pressure Surface LE θ angle has been changed to 45.3435°

Pressure Surface LE θ angle has been changed to 49.4656°

TE circunference radius has been changed to 0.0059542

TE circunference radius has been changed to 0.0080153

Outlet Metal angle has been changed to 54.9618°

Outlet Metal angle has been changed to 50.8397°

Outlet Metal angle has been changed to 53.5878°

Suction Surface TE θ angle has been changed to 76.9466°

Pressure Surface TE θ angle has been changed to 82.4427°

Pitch to chord radio has been changed to 1.0282

Pitch to chord radio has been changed to 1.0524

Throat to chord radio has been changed to 0.56452

Thickness to chord radio has been changed to 0.19355

Throat θ angle has been changed to 50.8065°

Thickness θ angle has been changed to 12.3387°

Stagger angle has been changed to 25.4032°

Throat θ angle has been changed to 53.7097°

Thickness to chord radio has been changed to 0.24194

Thickness to chord radio has been changed to 0.25

TE circunference radius has been changed to 0.0018321

TE circunference radius has been changed to 0.00083969

TE circunference radius has been changed to 0.0020611

TE circunference radius has been changed to 0.0029008

Suction Surface TE θ angle has been changed to 79.6947°

Suction Surface TE θ angle has been changed to 74.1985°

TE circunference radius has been changed to 0.0012977

TE circunference radius has been changed to 0

TE circunference radius has been changed to 0.0017557

TE circunference radius has been changed to 0.0016031

Suction Surface TE θ angle has been changed to 54.9618°

Suction Surface TE θ angle has been changed to 70.0763°

Suction Surface TE θ angle has been changed to 83.8168°

Suction Surface TE θ angle has been changed to 89.313°

Suction Surface TE θ angle has been changed to 85.1908°

