./Log/Log_Turbine-2017-9-21@19-27-29.9956.log
This Log File contains all the changes made by the user
Program has been run at:19:27:29.9956

Inlet Metal Angle has been changed to 30.4511°

Outlet Metal Angle has been changed to 58.1955°

Stagger Angle has been changed to 33.8346°

Inlet Metal Angle has been changed to 37.218°

Stagger Angle has been changed to 0°

Outlet Metal Angle has been changed to 0°

Inlet Metal Angle has been changed to 0°

Stagger Angle has been changed to 18.9474°

Stagger Angle has been changed to 0°

Thickness Profile has been changed to T6

Inlet Metal Angle has been changed to 17.594°

Inlet Metal Angle has been changed to 23.6842°

Inlet Metal Angle has been changed to 30.4511°

Outlet Metal Angle has been changed to 58.8722°

Stagger Angle has been changed to 34.5113°

Inlet Metal Angle has been changed to 35.8647°

Outlet Metal Angle has been changed to 68.3459°

Stagger Angle has been changed to 41.9549°

Stagger Angle has been changed to 29.7744°

Stagger Angle has been changed to 46.015°

Stagger Angle has been changed to 40.6015°

Inlet Metal Angle has been changed to 39.9248°

Inlet Metal Angle has been changed to 52.1053°

Inlet Metal Angle has been changed to 35.188°

Stagger Angle has been changed to 22.3308°

Inlet Metal Angle has been changed to 43.3083°

Maximum Thickness has been changed to 0.061798

Maximum Thickness has been changed to 0.070225

Stagger Angle has been changed to 32.4812°

Maximum Thickness has been changed to 0.068539

Thickness Profile has been changed to A3K7

Thickness Profile has been changed to T6

Maximum Thickness has been changed to 0.062921

Inlet Metal Angle has been changed to 38.5714°

Inlet Metal Angle has been changed to 42.6316°

Inlet Metal Angle has been changed to 33.8346°

