./Log/Log_Compressor-2017-9-20@13-11-10.9451.log
This Log File contains all the changes made by the user
Program has been run at:13:11:10.9451

Maximum Thickness has been changed to 0.06002

Outlet Metal Angle has been changed to 16.2406°

Outlet Metal Angle has been changed to 26.391°

Stagger Angle has been changed to 32.4812°

Stagger Angle has been changed to 43.985°

Outlet Metal Angle has been changed to 25.0376°

Outlet Metal Angle has been changed to 14.8872°

Thickness Profile has been changed to NACA0015

Thickness Profile has been changed to NGTEmod

Maximum Thickness has been changed to 0.0495

Maximum Thickness has been changed to 0.0495

Maximum Thickness has been changed to 0.0495

Maximum Thickness has been changed to 0.0495

Maximum Thickness has been changed to 0.0495

Outlet Metal Angle has been changed to 21.6541°

Outlet Metal Angle has been changed to 28.4211°

Outlet Metal Angle has been changed to 14.8872°

Outlet Metal Angle has been changed to 6.0902°

Stagger Angle has been changed to 48.0451°

Stagger Angle has been changed to 27.7444°

Stagger Angle has been changed to 16.2406°

Stagger Angle has been changed to 22.3308°

Outlet Metal Angle has been changed to 15.5639°

Outlet Metal Angle has been changed to 4.7368°

Stagger Angle has been changed to 25.7143°

Maximum Thickness has been changed to 0.0495

Maximum Thickness has been changed to 0.0495

Stagger Angle has been changed to 35.188°

Stagger Angle has been changed to 27.0677°

Outlet Metal Angle has been changed to 18.2707°

Outlet Metal Angle has been changed to 12.1805°

Outlet Metal Angle has been changed to 29.7744°

Outlet Metal Angle has been changed to 19.6241°

Outlet Metal Angle has been changed to 12.1805°

Maximum Thickness has been changed to 0.0495

Maximum Thickness has been changed to 0.0495

Maximum Thickness has been changed to 0.0495

Maximum Thickness has been changed to 0.0495

Maximum Thickness has been changed to 0.0495

Stagger Angle has been changed to 37.218°

Maximum Thickness has been changed to 0.0495

Maximum Thickness has been changed to 0.0495

Maximum Thickness has been changed to 0.0495

Outlet Metal Angle has been changed to 0°

Stagger Angle has been changed to 52.782°

Stagger Angle has been changed to 35.188°

Stagger Angle has been changed to 18.9474°

Stagger Angle has been changed to 25.7143°

Outlet Metal Angle has been changed to 18.2707°

Outlet Metal Angle has been changed to 23.0075°

Outlet Metal Angle has been changed to 21.6541°

Outlet Metal Angle has been changed to 37.8947°

Outlet Metal Angle has been changed to 19.6241°

Outlet Metal Angle has been changed to 16.2406°

Maximum Thickness has been changed to 0.0495

Maximum Thickness has been changed to 0.0495

Maximum Thickness has been changed to 0.0495

Maximum Thickness has been changed to 0.0495

Maximum Thickness has been changed to 0.0495

Maximum Thickness has been changed to 0.0495

Maximum Thickness has been changed to 0.0495

Maximum Thickness has been changed to 0.0495

Stagger Angle has been changed to 27.7444°

Stagger Angle has been changed to 27.0677°

