./Log/Log_Compressor-2017-9-18@2-3-0.32894.log
This Log File contains all the changes made by the user
Program has been run at:2:3:0.32894

Outlet Metal Angle has been changed to 53.4586°

Stagger Angle has been changed to 24.3609°

Outlet Metal Angle has been changed to 18.9474°

Maximum Thickness has been changed to 0.05

Stagger Angle has been changed to 54.1353°

Stagger Angle has been changed to 44.6617°

Stagger Angle has been changed to 31.8045°

Thickness Profile has been changed to NACA0012

Thickness Profile has been changed to NACA0015

Thickness Profile has been changed to NACA0012

Thickness Profile has been changed to NACA66-010

Maximum Thickness has been changed to 0.05

Maximum Thickness has been changed to 0.05

Maximum Thickness has been changed to 0.05

Outlet Metal Angle has been changed to 11.5038°

Outlet Metal Angle has been changed to 21.6541°

Stagger Angle has been changed to 42.6316°

Stagger Angle has been changed to 50.0752°

Thickness Profile has been changed to NGTEmod

Maximum Thickness has been changed to 0.055618

Maximum Thickness has been changed to 0.051725

Outlet Metal Angle has been changed to 54.1353°

Outlet Metal Angle has been changed to 64.2857°

Stagger Angle has been changed to 25.7143°

Maximum Thickness has been changed to 0.051725

Maximum Thickness has been changed to 0.051725

Outlet Metal Angle has been changed to 72.406°

Outlet Metal Angle has been changed to 17.594°

Maximum Thickness has been changed to 0.051725

Maximum Thickness has been changed to 0.051725

Maximum Thickness has been changed to 0.051725

Stagger Angle has been changed to 54.1353°

Stagger Angle has been changed to 36.5414°

Stagger Angle has been changed to 30.4511°

Stagger Angle has been changed to 38.5714°

Outlet Metal Angle has been changed to 9.4737°

Outlet Metal Angle has been changed to 10.8271°

Maximum Thickness has been changed to 0.051725

Maximum Thickness has been changed to 0.051725

Maximum Thickness has been changed to 0.051725

Maximum Thickness has been changed to 0.051725

Maximum Thickness has been changed to 0.051725

