./Log/Log_Manual Turbine-2017-9-18@15-48-49.2691.log
This Log File contains all the changes made by the user
Program has been run at:15:48:49.2691

Semimajor axis length has been changed to 0.14217

Semiminor axis length has been changed to 0.063855

Semimajor axis length has been changed to 33.6641°

Stagger angle has been changed to 39.9194°

Outlet Metal angle has been changed to 39.1603°

Semiminor axis length has been changed to 0.044578

Semimajor axis length has been changed to 39.8473°

Suction Surface LE θ angle has been changed to 53.5878°

Pressure Surface LE θ angle has been changed to 52.2137°

TE circunference radius has been changed to 0.0023664

Suction Surface TE θ angle has been changed to 82.4427°

Pressure Surface TE θ angle has been changed to 83.8168°

Stagger angle has been changed to 42.8226°

Stagger angle has been changed to 31.9355°

Stagger angle has been changed to 18.871°

Stagger angle has been changed to 25.4032°

Outlet Metal angle has been changed to 42.5954°

Outlet Metal angle has been changed to 46.0305°

Outlet Metal angle has been changed to 48.7786°

Outlet Metal angle has been changed to 52.9008°

Outlet Metal angle has been changed to 58.3969°

Outlet Metal angle has been changed to 59.084°

Pitch to chord radio has been changed to 1.0524

Throat to chord radio has been changed to 0.58871

Throat to chord radio has been changed to 0.60484

Throat to chord radio has been changed to 0.64516

Thickness to chord radio has been changed to 0.3871

Thickness to chord radio has been changed to 0.32258

Thickness to chord radio has been changed to 0.25806

Thickness to chord radio has been changed to 0.22581

Thickness to chord radio has been changed to 0.20968

Throat θ angle has been changed to 32.6613°

Thickness θ angle has been changed to 27.5806°

Thickness θ angle has been changed to 20.3226°

Thickness θ angle has been changed to 12.3387°

TE circunference radius has been changed to 0.0032824

TE circunference radius has been changed to 0.00076336

TE circunference radius has been changed to 0.0014504

TE circunference radius has been changed to 0.0012977

TE circunference radius has been changed to 0.0056489

TE circunference radius has been changed to 0.01

TE circunference radius has been changed to 0.00045802

TE circunference radius has been changed to 0.00061069

TE circunference radius has been changed to 0.0010687

TE circunference radius has been changed to 0.00099237

