./Log/Log_Turbine-2017-9-18@3-22-12.2203.log
This Log File contains all the changes made by the user
Program has been run at:3:22:12.2203

Thickness Profile has been changed to NACA0012

Thickness Profile has been changed to C4

Thickness Profile has been changed to NACA0015

Thickness Profile has been changed to NACA66-010

Thickness Profile has been changed to NGTEmod

Thickness Profile has been changed to NACA0015

Thickness Profile has been changed to NACA66-010

Thickness Profile has been changed to NACA0015

Thickness Profile has been changed to NACA0012

Thickness Profile has been changed to NACA66-010

Thickness Profile has been changed to NACA0015

Thickness Profile has been changed to C4

Inlet Metal Angle has been changed to 36.5414°

Inlet Metal Angle has been changed to 9.4737°

Inlet Metal Angle has been changed to 22.3308°

Outlet Metal Angle has been changed to 54.1353°

Stagger Angle has been changed to 18.9474°

