./Log/Log_Manual Turbine-2017-9-12@14-6-44.8867.log
This Log File contains all the changes made by the user
Program has been run at:14:6:44.8867

Semimajor axis length has been changed to 0.060241

Semiminor axis length has been changed to 0.038554

Semimajor axis length has been changed to 0.13735

Semimajor axis length has been changed to 24.0458°

Suction Surface LE θ angle has been changed to 86.5649°

Pressure Surface LE θ angle has been changed to 46.7176°

Pressure Surface LE θ angle has been changed to 54.9618°

TE circunference radius has been changed to 0.022901

TE circunference radius has been changed to 0.032061

Outlet Metal angle has been changed to 41.2214°

Suction Surface TE θ angle has been changed to 28.855°

Suction Surface TE θ angle has been changed to 39.8473°

Suction Surface TE θ angle has been changed to 61.8321°

Pressure Surface TE θ angle has been changed to 76.9466°

Stagger angle has been changed to 27.5806°

Stagger angle has been changed to 22.5°

Pitch to chord radio has been changed to 0.31452

Pitch to chord radio has been changed to 0.42339

Throat to chord radio has been changed to 0.30645

Throat to chord radio has been changed to 0.37903

Throat θ angle has been changed to 29.7581°

TE circunference radius has been changed to 0.019084

Thickness to chord radio has been changed to 0.29839

Thickness to chord radio has been changed to 0.32258

Throat θ angle has been changed to 51.5323°

Throat θ angle has been changed to 55.1613°

Thickness θ angle has been changed to 26.129°

Thickness θ angle has been changed to 10.8871°

Pitch to chord radio has been changed to 1.1734

Pitch to chord radio has been changed to 1.0766

Throat to chord radio has been changed to 0.5

Throat to chord radio has been changed to 0.65323

Thickness to chord radio has been changed to 0.19355

Thickness to chord radio has been changed to 0.29839

Throat θ angle has been changed to 47.1774°

Throat θ angle has been changed to 45°

Thickness θ angle has been changed to 31.2097°

Thickness θ angle has been changed to 37.0161°

Pitch to chord radio has been changed to 1.246

Pitch to chord radio has been changed to 1.125

Pitch to chord radio has been changed to 0.97984

Thickness θ angle has been changed to 42.0968°

Thickness θ angle has been changed to 35.5645°

Thickness θ angle has been changed to 31.2097°

Thickness θ angle has been changed to 35.5645°

Thickness to chord radio has been changed to 0.26613

Thickness to chord radio has been changed to 0.20968

Thickness to chord radio has been changed to 0.22581

Thickness θ angle has been changed to 46.4516°

Thickness θ angle has been changed to 23.2258°

Thickness θ angle has been changed to 15.9677°

Throat θ angle has been changed to 47.9032°

Throat θ angle has been changed to 43.5484°

Throat θ angle has been changed to 39.9194°

Suction Surface TE θ angle has been changed to 79.6947°

Suction Surface TE θ angle has been changed to 83.8168°

Suction Surface TE θ angle has been changed to 78.3206°

Pressure Surface TE θ angle has been changed to 93.4351°

Thickness to chord radio has been changed to 0.16129

Thickness to chord radio has been changed to 0.18548

Pressure Surface LE θ angle has been changed to 72.8244°

Pressure Surface LE θ angle has been changed to 53.5878°

Pressure Surface LE θ angle has been changed to 34.3511°

Pressure Surface LE θ angle has been changed to 38.4733°

TE circunference radius has been changed to 0.012977

Pitch to chord radio has been changed to 1.1371

Pitch to chord radio has been changed to 1.125

Pitch to chord radio has been changed to 0.95565

