./Log/Log_Compressor-2017-9-22@4-0-12.8669.log
This Log File contains all the changes made by the user
Program has been run at:4:0:12.8669

Maximum Thickness has been changed to 0.06002

Maximum Thickness has been changed to 0.06002

Outlet Metal Angle has been changed to 17.594°

Stagger Angle has been changed to 46.015°

Stagger Angle has been changed to 53.4586°

Stagger Angle has been changed to 39.2481°

Outlet Metal Angle has been changed to 13.5338°

Stagger Angle has been changed to 28.4211°

Stagger Angle has been changed to 4.7368°

Stagger Angle has been changed to 3.3835°

Stagger Angle has been changed to 0°

Stagger Angle has been changed to 14.2105°

Stagger Angle has been changed to 20.9774°

Stagger Angle has been changed to 37.218°

Stagger Angle has been changed to 54.1353°

Stagger Angle has been changed to 35.8647°

Outlet Metal Angle has been changed to 22.3308°

Outlet Metal Angle has been changed to 39.2481°

Outlet Metal Angle has been changed to 33.1579°

Outlet Metal Angle has been changed to 27.7444°

Maximum Thickness has been changed to 0.06002

Outlet Metal Angle has been changed to 58.8722°

Outlet Metal Angle has been changed to 16.2406°

Maximum Thickness has been changed to 0.06002

Maximum Thickness has been changed to 0.06002

Maximum Thickness has been changed to 0.06002

Stagger Angle has been changed to 23.6842°

Maximum Thickness has been changed to 0.06002

Maximum Thickness has been changed to 0.06002

Maximum Thickness has been changed to 0.06002

Stagger Angle has been changed to 16.9173°

Stagger Angle has been changed to 23.6842°

Outlet Metal Angle has been changed to 9.4737°

Stagger Angle has been changed to 34.5113°

Stagger Angle has been changed to 46.6917°

Stagger Angle has been changed to 31.1278°

Stagger Angle has been changed to 0°

Outlet Metal Angle has been changed to 25.0376°

Outlet Metal Angle has been changed to 10.1504°

Stagger Angle has been changed to 32.4812°

Stagger Angle has been changed to 23.6842°

Stagger Angle has been changed to 14.8872°

Outlet Metal Angle has been changed to 6.0902°

Stagger Angle has been changed to 3.3835°

Stagger Angle has been changed to 20.3008°

