./Log/Log_Compressor-2017-9-24@2-34-12.5726.log
This Log File contains all the changes made by the user
Program has been run at:2:34:12.5726

Maximum Thickness has been changed to 0.06002

Maximum Thickness has been changed to 0.06002

Outlet Metal Angle has been changed to 12.1805°

Stagger Angle has been changed to 26.391°

Stagger Angle has been changed to 20.9774°

Maximum Thickness has been changed to 0.031022

Maximum Thickness has been changed to 0.042486

Maximum Thickness has been changed to 0.037091

Outlet Metal Angle has been changed to 18.2707°

Outlet Metal Angle has been changed to 13.5338°

Outlet Metal Angle has been changed to 11.5038°

Outlet Metal Angle has been changed to 16.9173°

Maximum Thickness has been changed to 0.037091

Maximum Thickness has been changed to 0.037091

Stagger Angle has been changed to 24.3609°

Stagger Angle has been changed to 23.0075°

Outlet Metal Angle has been changed to 11.5038°

Outlet Metal Angle has been changed to 6.7669°

Outlet Metal Angle has been changed to 9.4737°

Stagger Angle has been changed to 29.7744°

Stagger Angle has been changed to 20.3008°

Outlet Metal Angle has been changed to 15.5639°

Outlet Metal Angle has been changed to 19.6241°

Outlet Metal Angle has been changed to 22.3308°

Outlet Metal Angle has been changed to 20.9774°

Outlet Metal Angle has been changed to 12.8571°

Outlet Metal Angle has been changed to 8.1203°

Outlet Metal Angle has been changed to 8.797°

